<?xml version="1.0" encoding="UTF-8"?>
<testsuite name="Login, Computer and Register Test"
           tests="3"
           failures="0"
           errors="0"
           skipped="0"
           time="4.496">
  <properties />
  
  
            <testcase name="verifyUserShouldNavigateToRegisterPageSuccessfully" time="0.796" classname="com.nopcommerce.demo.testsuite.RegisterPageTest" />
                <testcase name="verifyThatFirstNameLastNameEmailPasswordAndConfirmPasswordFieldsAreMandatory" time="0.985" classname="com.nopcommerce.demo.testsuite.RegisterPageTest" />
                <testcase name="verifyThatUserShouldCreateAccountSuccessfully" time="2.715" classname="com.nopcommerce.demo.testsuite.RegisterPageTest" />
      
</testsuite>
